[11-Jan-2017 19:13:52 America/Los_Angeles] getProfile unable to retrieve Picture:  You have an error in your SQL syntax; check the manual that corresponds to your MySQL server version for the right syntax to use near '' at line 1
[11-Jan-2017 19:13:52 America/Los_Angeles] getProfile unable to retrieve profile data:  You have an error in your SQL syntax; check the manual that corresponds to your MySQL server version for the right syntax to use near '' at line 1
[11-Jan-2017 19:13:52 America/Los_Angeles] getProfile unable to get classesTaken:  You have an error in your SQL syntax; check the manual that corresponds to your MySQL server version for the right syntax to use near 'ORDER BY ClassDate DESC LIMIT 5' at line 1
[11-Jan-2017 19:13:52 America/Los_Angeles] getProfile unable to get certs:  You have an error in your SQL syntax; check the manual that corresponds to your MySQL server version for the right syntax to use near '' at line 1
[11-Jan-2017 19:13:52 America/Los_Angeles] getProfile unable to get payments:  You have an error in your SQL syntax; check the manual that corresponds to your MySQL server version for the right syntax to use near 'ORDER BY PaymentDate DESC LIMIT 1' at line 1
[11-Jan-2017 19:13:52 America/Los_Angeles] getProfile unable to get visits:  You have an error in your SQL syntax; check the manual that corresponds to your MySQL server version for the right syntax to use near 'ORDER BY LoginTime DESC Limit 5' at line 1
[11-Jan-2017 19:13:52 America/Los_Angeles] getProfile unable to get volunteering:  You have an error in your SQL syntax; check the manual that corresponds to your MySQL server version for the right syntax to use near 'ORDER BY Date DESC LIMIT 5' at line 1
[11-Jan-2017 19:13:52 America/Los_Angeles] getProfile unable to get notes:  You have an error in your SQL syntax; check the manual that corresponds to your MySQL server version for the right syntax to use near 'ORDER BY NoteTime DESC LIMIT 5' at line 1
[11-Jan-2017 19:13:52 America/Los_Angeles] PHP Warning:  mysqli_fetch_assoc() expects parameter 1 to be mysqli_result, boolean given in /home/justice/SpaceManager/OutputManager.php on line 48
[11-Jan-2017 19:13:52 America/Los_Angeles] PHP Warning:  mysqli_fetch_assoc() expects parameter 1 to be mysqli_result, boolean given in /home/justice/SpaceManager/OutputManager.php on line 60
[11-Jan-2017 19:13:52 America/Los_Angeles] PHP Warning:  Invalid argument supplied for foreach() in /home/justice/SpaceManager/OutputManager.php on line 78
[11-Jan-2017 19:13:52 America/Los_Angeles] PHP Warning:  Invalid argument supplied for foreach() in /home/justice/SpaceManager/OutputManager.php on line 82
[11-Jan-2017 19:13:52 America/Los_Angeles] PHP Warning:  mysqli_fetch_array() expects parameter 1 to be mysqli_result, boolean given in /home/justice/SpaceManager/OutputManager.php on line 91
[11-Jan-2017 19:13:52 America/Los_Angeles] PHP Warning:  Invalid argument supplied for foreach() in /home/justice/SpaceManager/OutputManager.php on line 106
[11-Jan-2017 19:13:52 America/Los_Angeles] PHP Warning:  Invalid argument supplied for foreach() in /home/justice/SpaceManager/OutputManager.php on line 109
[11-Jan-2017 19:13:52 America/Los_Angeles] PHP Warning:  Invalid argument supplied for foreach() in /home/justice/SpaceManager/OutputManager.php on line 145
[11-Jan-2017 19:16:22 America/Los_Angeles] getProfile unable to retrieve Picture:  You have an error in your SQL syntax; check the manual that corresponds to your MySQL server version for the right syntax to use near '' at line 1
[11-Jan-2017 19:16:22 America/Los_Angeles] getProfile unable to retrieve profile data:  You have an error in your SQL syntax; check the manual that corresponds to your MySQL server version for the right syntax to use near '' at line 1
[11-Jan-2017 19:16:22 America/Los_Angeles] getProfile unable to get classesTaken:  You have an error in your SQL syntax; check the manual that corresponds to your MySQL server version for the right syntax to use near 'ORDER BY ClassDate DESC LIMIT 5' at line 1
[11-Jan-2017 19:16:22 America/Los_Angeles] getProfile unable to get certs:  You have an error in your SQL syntax; check the manual that corresponds to your MySQL server version for the right syntax to use near '' at line 1
[11-Jan-2017 19:16:22 America/Los_Angeles] getProfile unable to get payments:  You have an error in your SQL syntax; check the manual that corresponds to your MySQL server version for the right syntax to use near 'ORDER BY PaymentDate DESC LIMIT 1' at line 1
[11-Jan-2017 19:16:22 America/Los_Angeles] getProfile unable to get visits:  You have an error in your SQL syntax; check the manual that corresponds to your MySQL server version for the right syntax to use near 'ORDER BY LoginTime DESC Limit 5' at line 1
[11-Jan-2017 19:16:22 America/Los_Angeles] getProfile unable to get volunteering:  You have an error in your SQL syntax; check the manual that corresponds to your MySQL server version for the right syntax to use near 'ORDER BY Date DESC LIMIT 5' at line 1
[11-Jan-2017 19:16:22 America/Los_Angeles] getProfile unable to get notes:  You have an error in your SQL syntax; check the manual that corresponds to your MySQL server version for the right syntax to use near 'ORDER BY NoteTime DESC LIMIT 5' at line 1
[11-Jan-2017 19:16:22 America/Los_Angeles] PHP Warning:  mysqli_fetch_assoc() expects parameter 1 to be mysqli_result, boolean given in /home/justice/SpaceManager/OutputManager.php on line 48
[11-Jan-2017 19:16:22 America/Los_Angeles] PHP Warning:  mysqli_fetch_assoc() expects parameter 1 to be mysqli_result, boolean given in /home/justice/SpaceManager/OutputManager.php on line 60
[11-Jan-2017 19:16:22 America/Los_Angeles] PHP Warning:  Invalid argument supplied for foreach() in /home/justice/SpaceManager/OutputManager.php on line 78
[11-Jan-2017 19:16:22 America/Los_Angeles] PHP Warning:  Invalid argument supplied for foreach() in /home/justice/SpaceManager/OutputManager.php on line 82
[11-Jan-2017 19:16:22 America/Los_Angeles] PHP Warning:  mysqli_fetch_array() expects parameter 1 to be mysqli_result, boolean given in /home/justice/SpaceManager/OutputManager.php on line 91
[11-Jan-2017 19:16:22 America/Los_Angeles] PHP Warning:  Invalid argument supplied for foreach() in /home/justice/SpaceManager/OutputManager.php on line 106
[11-Jan-2017 19:16:22 America/Los_Angeles] PHP Warning:  Invalid argument supplied for foreach() in /home/justice/SpaceManager/OutputManager.php on line 109
[11-Jan-2017 19:16:22 America/Los_Angeles] PHP Warning:  Invalid argument supplied for foreach() in /home/justice/SpaceManager/OutputManager.php on line 145
